2018-04-12 14:31:57 DEBUG BasicClientConnectionManager:160 - Get connection for route {}->http://localhost:8080
2018-04-12 14:31:57 DEBUG DefaultClientConnectionOperator:174 - Connecting to localhost:8080
2018-04-12 14:31:58 DEBUG DefaultClientConnectionOperator:195 - Connect to localhost:8080 timed out. Connection will be retried using another IP address
2018-04-12 14:31:58 DEBUG DefaultClientConnectionOperator:174 - Connecting to localhost:8080
2018-04-12 14:31:59 DEBUG DefaultClientConnection:176 - Connection org.apache.http.impl.conn.DefaultClientConnection@2a225dd7 closed
2018-04-12 14:31:59 DEBUG DefaultClientConnection:160 - Connection org.apache.http.impl.conn.DefaultClientConnection@2a225dd7 shut down
2018-04-12 14:31:59 DEBUG BasicClientConnectionManager:198 - Releasing connection org.apache.http.impl.conn.ManagedClientConnectionImpl@61eaec38
2018-04-12 14:32:44 DEBUG BasicClientConnectionManager:160 - Get connection for route {}->http://www.google.com:80
2018-04-12 14:32:44 DEBUG DefaultClientConnectionOperator:174 - Connecting to www.google.com:80
2018-04-12 14:32:44 DEBUG RequestAddCookies:122 - CookieSpec selected: ignoreCookies
2018-04-12 14:32:44 DEBUG RequestAuthCache:76 - Auth cache not set in the context
2018-04-12 14:32:44 DEBUG RequestTargetAuthentication:78 - Target auth state: UNCHALLENGED
2018-04-12 14:32:44 DEBUG RequestProxyAuthentication:87 - Proxy auth state: UNCHALLENGED
2018-04-12 14:32:44 DEBUG DefaultHttpClient:683 - Attempt 1 to execute request
2018-04-12 14:32:44 DEBUG DefaultClientConnection:268 - Sending request: GET / HTTP/1.1
2018-04-12 14:32:45 DEBUG wire:72 -  >> "GET / HTTP/1.1[\r][\n]"
2018-04-12 14:32:45 DEBUG wire:72 -  >> "Accept: */*[\r][\n]"
2018-04-12 14:32:45 DEBUG wire:72 -  >> "Content-Length: 0[\r][\n]"
2018-04-12 14:32:45 DEBUG wire:72 -  >> "Host: www.google.com[\r][\n]"
2018-04-12 14:32:45 DEBUG wire:72 -  >> "Connection: Keep-Alive[\r][\n]"
2018-04-12 14:32:45 DEBUG wire:72 -  >> "User-Agent: Apache-HttpClient/4.5.1 (Java/1.8.0_131)[\r][\n]"
2018-04-12 14:32:45 DEBUG wire:72 -  >> "Accept-Encoding: gzip,deflate[\r][\n]"
2018-04-12 14:32:45 DEBUG wire:72 -  >> "[\r][\n]"
2018-04-12 14:32:45 DEBUG headers:272 - >> GET / HTTP/1.1
2018-04-12 14:32:45 DEBUG headers:275 - >> Accept: */*
2018-04-12 14:32:45 DEBUG headers:275 - >> Content-Length: 0
2018-04-12 14:32:45 DEBUG headers:275 - >> Host: www.google.com
2018-04-12 14:32:45 DEBUG headers:275 - >> Connection: Keep-Alive
2018-04-12 14:32:45 DEBUG headers:275 - >> User-Agent: Apache-HttpClient/4.5.1 (Java/1.8.0_131)
2018-04-12 14:32:45 DEBUG headers:275 - >> Accept-Encoding: gzip,deflate
2018-04-12 14:32:45 DEBUG wire:72 -  << "HTTP/1.1 302 Found[\r][\n]"
2018-04-12 14:32:45 DEBUG wire:72 -  << "Cache-Control: private[\r][\n]"
2018-04-12 14:32:45 DEBUG wire:72 -  << "Content-Type: text/html; charset=UTF-8[\r][\n]"
2018-04-12 14:32:45 DEBUG wire:72 -  << "Referrer-Policy: no-referrer[\r][\n]"
2018-04-12 14:32:45 DEBUG wire:72 -  << "Location: http://www.google.pl/?gfe_rd=cr&dcr=0&ei=7VHPWt6SAbPQ8Ae_hraoBw[\r][\n]"
2018-04-12 14:32:45 DEBUG wire:72 -  << "Content-Length: 268[\r][\n]"
2018-04-12 14:32:45 DEBUG wire:72 -  << "Date: Thu, 12 Apr 2018 12:32:45 GMT[\r][\n]"
2018-04-12 14:32:45 DEBUG wire:72 -  << "[\r][\n]"
2018-04-12 14:32:45 DEBUG DefaultClientConnection:253 - Receiving response: HTTP/1.1 302 Found
2018-04-12 14:32:45 DEBUG headers:256 - << HTTP/1.1 302 Found
2018-04-12 14:32:45 DEBUG headers:259 - << Cache-Control: private
2018-04-12 14:32:45 DEBUG headers:259 - << Content-Type: text/html; charset=UTF-8
2018-04-12 14:32:45 DEBUG headers:259 - << Referrer-Policy: no-referrer
2018-04-12 14:32:45 DEBUG headers:259 - << Location: http://www.google.pl/?gfe_rd=cr&dcr=0&ei=7VHPWt6SAbPQ8Ae_hraoBw
2018-04-12 14:32:45 DEBUG headers:259 - << Content-Length: 268
2018-04-12 14:32:45 DEBUG headers:259 - << Date: Thu, 12 Apr 2018 12:32:45 GMT
2018-04-12 14:32:45 DEBUG DefaultHttpClient:510 - Connection can be kept alive indefinitely
2018-04-12 14:32:45 DEBUG DefaultRedirectStrategy:142 - Redirect requested to location 'http://www.google.pl/?gfe_rd=cr&dcr=0&ei=7VHPWt6SAbPQ8Ae_hraoBw'
2018-04-12 14:32:45 DEBUG DefaultHttpClient:1096 - Resetting target auth state
2018-04-12 14:32:45 DEBUG DefaultHttpClient:1112 - Redirecting to 'http://www.google.pl/?gfe_rd=cr&dcr=0&ei=7VHPWt6SAbPQ8Ae_hraoBw' via {}->http://www.google.pl:80
2018-04-12 14:32:45 DEBUG wire:72 -  << "<HTML><HEAD><meta http-equiv="content-type" content="text/html;charset=utf-8">[\n]"
2018-04-12 14:32:45 DEBUG wire:72 -  << "<TITLE>302 Moved</TITLE></HEAD><BODY>[\n]"
2018-04-12 14:32:45 DEBUG wire:72 -  << "<H1>302 Moved</H1>[\n]"
2018-04-12 14:32:45 DEBUG wire:72 -  << "The document has moved[\n]"
2018-04-12 14:32:45 DEBUG wire:72 -  << "<A HREF="http://www.google.pl/?gfe_rd=cr&amp;dcr=0&amp;ei=7VHPWt6SAbPQ8Ae_hraoBw">here</A>.[\r][\n]"
2018-04-12 14:32:45 DEBUG wire:72 -  << "</BODY></HTML>[\r][\n]"
2018-04-12 14:32:45 DEBUG BasicClientConnectionManager:198 - Releasing connection org.apache.http.impl.conn.ManagedClientConnectionImpl@2b175c00
2018-04-12 14:32:45 DEBUG BasicClientConnectionManager:223 - Connection can be kept alive indefinitely
2018-04-12 14:32:45 DEBUG BasicClientConnectionManager:160 - Get connection for route {}->http://www.google.pl:80
2018-04-12 14:32:45 DEBUG DefaultClientConnection:176 - Connection 0.0.0.0:58514<->216.58.215.68:80 closed
2018-04-12 14:32:45 DEBUG DefaultClientConnectionOperator:174 - Connecting to www.google.pl:80
2018-04-12 14:32:45 DEBUG RequestAddCookies:122 - CookieSpec selected: ignoreCookies
2018-04-12 14:32:45 DEBUG RequestAuthCache:76 - Auth cache not set in the context
2018-04-12 14:32:45 DEBUG RequestTargetAuthentication:78 - Target auth state: UNCHALLENGED
2018-04-12 14:32:45 DEBUG RequestProxyAuthentication:87 - Proxy auth state: UNCHALLENGED
2018-04-12 14:32:45 DEBUG DefaultHttpClient:683 - Attempt 2 to execute request
2018-04-12 14:32:45 DEBUG DefaultClientConnection:268 - Sending request: GET /?gfe_rd=cr&dcr=0&ei=7VHPWt6SAbPQ8Ae_hraoBw HTTP/1.1
2018-04-12 14:32:45 DEBUG wire:72 -  >> "GET /?gfe_rd=cr&dcr=0&ei=7VHPWt6SAbPQ8Ae_hraoBw HTTP/1.1[\r][\n]"
2018-04-12 14:32:45 DEBUG wire:72 -  >> "Accept: */*[\r][\n]"
2018-04-12 14:32:45 DEBUG wire:72 -  >> "Host: www.google.pl[\r][\n]"
2018-04-12 14:32:45 DEBUG wire:72 -  >> "Connection: Keep-Alive[\r][\n]"
2018-04-12 14:32:45 DEBUG wire:72 -  >> "User-Agent: Apache-HttpClient/4.5.1 (Java/1.8.0_131)[\r][\n]"
2018-04-12 14:32:45 DEBUG wire:72 -  >> "Accept-Encoding: gzip,deflate[\r][\n]"
2018-04-12 14:32:45 DEBUG wire:72 -  >> "[\r][\n]"
2018-04-12 14:32:45 DEBUG headers:272 - >> GET /?gfe_rd=cr&dcr=0&ei=7VHPWt6SAbPQ8Ae_hraoBw HTTP/1.1
2018-04-12 14:32:45 DEBUG headers:275 - >> Accept: */*
2018-04-12 14:32:45 DEBUG headers:275 - >> Host: www.google.pl
2018-04-12 14:32:45 DEBUG headers:275 - >> Connection: Keep-Alive
2018-04-12 14:32:45 DEBUG headers:275 - >> User-Agent: Apache-HttpClient/4.5.1 (Java/1.8.0_131)
2018-04-12 14:32:45 DEBUG headers:275 - >> Accept-Encoding: gzip,deflate
2018-04-12 14:32:45 DEBUG wire:72 -  << "HTTP/1.1 200 OK[\r][\n]"
2018-04-12 14:32:45 DEBUG wire:72 -  << "Date: Thu, 12 Apr 2018 12:32:45 GMT[\r][\n]"
2018-04-12 14:32:45 DEBUG wire:72 -  << "Expires: -1[\r][\n]"
2018-04-12 14:32:45 DEBUG wire:72 -  << "Cache-Control: private, max-age=0[\r][\n]"
2018-04-12 14:32:45 DEBUG wire:72 -  << "Content-Type: text/html; charset=ISO-8859-2[\r][\n]"
2018-04-12 14:32:45 DEBUG wire:72 -  << "P3P: CP="This is not a P3P policy! See g.co/p3phelp for more info."[\r][\n]"
2018-04-12 14:32:45 DEBUG wire:72 -  << "Content-Encoding: gzip[\r][\n]"
2018-04-12 14:32:45 DEBUG wire:72 -  << "Server: gws[\r][\n]"
2018-04-12 14:32:45 DEBUG wire:72 -  << "Content-Length: 4826[\r][\n]"
2018-04-12 14:32:45 DEBUG wire:72 -  << "X-XSS-Protection: 1; mode=block[\r][\n]"
2018-04-12 14:32:45 DEBUG wire:72 -  << "X-Frame-Options: SAMEORIGIN[\r][\n]"
2018-04-12 14:32:45 DEBUG wire:72 -  << "Set-Cookie: 1P_JAR=2018-04-12-12; expires=Sat, 12-May-2018 12:32:45 GMT; path=/; domain=.google.pl[\r][\n]"
2018-04-12 14:32:45 DEBUG wire:72 -  << "Set-Cookie: NID=127=gDBSFxKxolfqiZMIdUZTbaKx4jiFL-NHIgVcyVMqQE1Sdd1FJO2xktQ_nM8gkSWRno1xtbhke3Gl8B-k1vCH7ydOQI8rYTp_ZsqVd1vw5KVoip3wPpmxSGVdw3-JpzNg; expires=Fri, 12-Oct-2018 12:32:45 GMT; path=/; domain=.google.pl; HttpOnly[\r][\n]"
2018-04-12 14:32:45 DEBUG wire:72 -  << "[\r][\n]"
2018-04-12 14:32:45 DEBUG DefaultClientConnection:253 - Receiving response: HTTP/1.1 200 OK
2018-04-12 14:32:45 DEBUG headers:256 - << HTTP/1.1 200 OK
2018-04-12 14:32:45 DEBUG headers:259 - << Date: Thu, 12 Apr 2018 12:32:45 GMT
2018-04-12 14:32:45 DEBUG headers:259 - << Expires: -1
2018-04-12 14:32:45 DEBUG headers:259 - << Cache-Control: private, max-age=0
2018-04-12 14:32:45 DEBUG headers:259 - << Content-Type: text/html; charset=ISO-8859-2
2018-04-12 14:32:45 DEBUG headers:259 - << P3P: CP="This is not a P3P policy! See g.co/p3phelp for more info."
2018-04-12 14:32:45 DEBUG headers:259 - << Content-Encoding: gzip
2018-04-12 14:32:45 DEBUG headers:259 - << Server: gws
2018-04-12 14:32:45 DEBUG headers:259 - << Content-Length: 4826
2018-04-12 14:32:45 DEBUG headers:259 - << X-XSS-Protection: 1; mode=block
2018-04-12 14:32:45 DEBUG headers:259 - << X-Frame-Options: SAMEORIGIN
2018-04-12 14:32:45 DEBUG headers:259 - << Set-Cookie: 1P_JAR=2018-04-12-12; expires=Sat, 12-May-2018 12:32:45 GMT; path=/; domain=.google.pl
2018-04-12 14:32:45 DEBUG headers:259 - << Set-Cookie: NID=127=gDBSFxKxolfqiZMIdUZTbaKx4jiFL-NHIgVcyVMqQE1Sdd1FJO2xktQ_nM8gkSWRno1xtbhke3Gl8B-k1vCH7ydOQI8rYTp_ZsqVd1vw5KVoip3wPpmxSGVdw3-JpzNg; expires=Fri, 12-Oct-2018 12:32:45 GMT; path=/; domain=.google.pl; HttpOnly
2018-04-12 14:32:45 DEBUG DefaultHttpClient:510 - Connection can be kept alive indefinitely
2018-04-12 14:32:45 DEBUG RequestSpecificationImpl$RestAssuredHttpBuilder:543 - Parsing response as: text/html; charset=ISO-8859-2
2018-04-12 14:32:45 DEBUG wire:86 -  << "[0x1f]"
2018-04-12 14:32:45 DEBUG wire:86 -  << "[0x8b]"
2018-04-12 14:32:45 DEBUG wire:86 -  << "[0x8]"
2018-04-12 14:32:45 DEBUG wire:86 -  << "[0x0]"
2018-04-12 14:32:45 DEBUG wire:86 -  << "[0x0][0x0][0x0][0x0][0x2][0xff]"
2018-04-12 14:32:45 DEBUG RequestSpecificationImpl$RestAssuredHttpBuilder:546 - Parsed data to instance of: class org.apache.http.conn.EofSensorInputStream
2018-04-12 14:34:22 DEBUG GoogleTest:13 - Sending: http://www.google.com
2018-04-12 14:34:29 DEBUG BasicClientConnectionManager:160 - Get connection for route {}->http://www.google.com:80
2018-04-12 14:34:29 DEBUG DefaultClientConnectionOperator:174 - Connecting to www.google.com:80
2018-04-12 14:34:29 DEBUG RequestAddCookies:122 - CookieSpec selected: ignoreCookies
2018-04-12 14:34:29 DEBUG RequestAuthCache:76 - Auth cache not set in the context
2018-04-12 14:34:29 DEBUG RequestTargetAuthentication:78 - Target auth state: UNCHALLENGED
2018-04-12 14:34:29 DEBUG RequestProxyAuthentication:87 - Proxy auth state: UNCHALLENGED
2018-04-12 14:34:29 DEBUG DefaultHttpClient:683 - Attempt 1 to execute request
2018-04-12 14:34:29 DEBUG DefaultClientConnection:268 - Sending request: GET / HTTP/1.1
2018-04-12 14:34:29 DEBUG wire:72 -  >> "GET / HTTP/1.1[\r][\n]"
2018-04-12 14:34:29 DEBUG wire:72 -  >> "Accept: */*[\r][\n]"
2018-04-12 14:34:29 DEBUG wire:72 -  >> "Content-Length: 0[\r][\n]"
2018-04-12 14:34:29 DEBUG wire:72 -  >> "Host: www.google.com[\r][\n]"
2018-04-12 14:34:29 DEBUG wire:72 -  >> "Connection: Keep-Alive[\r][\n]"
2018-04-12 14:34:29 DEBUG wire:72 -  >> "User-Agent: Apache-HttpClient/4.5.1 (Java/1.8.0_131)[\r][\n]"
2018-04-12 14:34:29 DEBUG wire:72 -  >> "Accept-Encoding: gzip,deflate[\r][\n]"
2018-04-12 14:34:29 DEBUG wire:72 -  >> "[\r][\n]"
2018-04-12 14:34:29 DEBUG headers:272 - >> GET / HTTP/1.1
2018-04-12 14:34:29 DEBUG headers:275 - >> Accept: */*
2018-04-12 14:34:29 DEBUG headers:275 - >> Content-Length: 0
2018-04-12 14:34:29 DEBUG headers:275 - >> Host: www.google.com
2018-04-12 14:34:29 DEBUG headers:275 - >> Connection: Keep-Alive
2018-04-12 14:34:29 DEBUG headers:275 - >> User-Agent: Apache-HttpClient/4.5.1 (Java/1.8.0_131)
2018-04-12 14:34:29 DEBUG headers:275 - >> Accept-Encoding: gzip,deflate
2018-04-12 14:34:29 DEBUG wire:72 -  << "HTTP/1.1 302 Found[\r][\n]"
2018-04-12 14:34:29 DEBUG wire:72 -  << "Cache-Control: private[\r][\n]"
2018-04-12 14:34:29 DEBUG wire:72 -  << "Content-Type: text/html; charset=UTF-8[\r][\n]"
2018-04-12 14:34:29 DEBUG wire:72 -  << "Referrer-Policy: no-referrer[\r][\n]"
2018-04-12 14:34:29 DEBUG wire:72 -  << "Location: http://www.google.pl/?gfe_rd=cr&dcr=0&ei=VVLPWuvQMqTQ8AeFpK6QCw[\r][\n]"
2018-04-12 14:34:29 DEBUG wire:72 -  << "Content-Length: 268[\r][\n]"
2018-04-12 14:34:29 DEBUG wire:72 -  << "Date: Thu, 12 Apr 2018 12:34:29 GMT[\r][\n]"
2018-04-12 14:34:29 DEBUG wire:72 -  << "[\r][\n]"
2018-04-12 14:34:29 DEBUG DefaultClientConnection:253 - Receiving response: HTTP/1.1 302 Found
2018-04-12 14:34:29 DEBUG headers:256 - << HTTP/1.1 302 Found
2018-04-12 14:34:29 DEBUG headers:259 - << Cache-Control: private
2018-04-12 14:34:29 DEBUG headers:259 - << Content-Type: text/html; charset=UTF-8
2018-04-12 14:34:29 DEBUG headers:259 - << Referrer-Policy: no-referrer
2018-04-12 14:34:29 DEBUG headers:259 - << Location: http://www.google.pl/?gfe_rd=cr&dcr=0&ei=VVLPWuvQMqTQ8AeFpK6QCw
2018-04-12 14:34:29 DEBUG headers:259 - << Content-Length: 268
2018-04-12 14:34:29 DEBUG headers:259 - << Date: Thu, 12 Apr 2018 12:34:29 GMT
2018-04-12 14:34:29 DEBUG DefaultHttpClient:510 - Connection can be kept alive indefinitely
2018-04-12 14:34:29 DEBUG DefaultRedirectStrategy:142 - Redirect requested to location 'http://www.google.pl/?gfe_rd=cr&dcr=0&ei=VVLPWuvQMqTQ8AeFpK6QCw'
2018-04-12 14:34:29 DEBUG DefaultHttpClient:1096 - Resetting target auth state
2018-04-12 14:34:29 DEBUG DefaultHttpClient:1112 - Redirecting to 'http://www.google.pl/?gfe_rd=cr&dcr=0&ei=VVLPWuvQMqTQ8AeFpK6QCw' via {}->http://www.google.pl:80
2018-04-12 14:34:29 DEBUG wire:72 -  << "<HTML><HEAD><meta http-equiv="content-type" content="text/html;charset=utf-8">[\n]"
2018-04-12 14:34:29 DEBUG wire:72 -  << "<TITLE>302 Moved</TITLE></HEAD><BODY>[\n]"
2018-04-12 14:34:29 DEBUG wire:72 -  << "<H1>302 Moved</H1>[\n]"
2018-04-12 14:34:29 DEBUG wire:72 -  << "The document has moved[\n]"
2018-04-12 14:34:29 DEBUG wire:72 -  << "<A HREF="http://www.google.pl/?gfe_rd=cr&amp;dcr=0&amp;ei=VVLPWuvQMqTQ8AeFpK6QCw">here</A>.[\r][\n]"
2018-04-12 14:34:29 DEBUG wire:72 -  << "</BODY></HTML>[\r][\n]"
2018-04-12 14:34:29 DEBUG BasicClientConnectionManager:198 - Releasing connection org.apache.http.impl.conn.ManagedClientConnectionImpl@2b175c00
2018-04-12 14:34:29 DEBUG BasicClientConnectionManager:223 - Connection can be kept alive indefinitely
2018-04-12 14:34:29 DEBUG BasicClientConnectionManager:160 - Get connection for route {}->http://www.google.pl:80
2018-04-12 14:34:29 DEBUG DefaultClientConnection:176 - Connection 0.0.0.0:58528<->216.58.215.68:80 closed
2018-04-12 14:34:29 DEBUG DefaultClientConnectionOperator:174 - Connecting to www.google.pl:80
2018-04-12 14:34:29 DEBUG RequestAddCookies:122 - CookieSpec selected: ignoreCookies
2018-04-12 14:34:29 DEBUG RequestAuthCache:76 - Auth cache not set in the context
2018-04-12 14:34:29 DEBUG RequestTargetAuthentication:78 - Target auth state: UNCHALLENGED
2018-04-12 14:34:29 DEBUG RequestProxyAuthentication:87 - Proxy auth state: UNCHALLENGED
2018-04-12 14:34:29 DEBUG DefaultHttpClient:683 - Attempt 2 to execute request
2018-04-12 14:34:29 DEBUG DefaultClientConnection:268 - Sending request: GET /?gfe_rd=cr&dcr=0&ei=VVLPWuvQMqTQ8AeFpK6QCw HTTP/1.1
2018-04-12 14:34:29 DEBUG wire:72 -  >> "GET /?gfe_rd=cr&dcr=0&ei=VVLPWuvQMqTQ8AeFpK6QCw HTTP/1.1[\r][\n]"
2018-04-12 14:34:29 DEBUG wire:72 -  >> "Accept: */*[\r][\n]"
2018-04-12 14:34:29 DEBUG wire:72 -  >> "Host: www.google.pl[\r][\n]"
2018-04-12 14:34:29 DEBUG wire:72 -  >> "Connection: Keep-Alive[\r][\n]"
2018-04-12 14:34:29 DEBUG wire:72 -  >> "User-Agent: Apache-HttpClient/4.5.1 (Java/1.8.0_131)[\r][\n]"
2018-04-12 14:34:29 DEBUG wire:72 -  >> "Accept-Encoding: gzip,deflate[\r][\n]"
2018-04-12 14:34:29 DEBUG wire:72 -  >> "[\r][\n]"
2018-04-12 14:34:29 DEBUG headers:272 - >> GET /?gfe_rd=cr&dcr=0&ei=VVLPWuvQMqTQ8AeFpK6QCw HTTP/1.1
2018-04-12 14:34:29 DEBUG headers:275 - >> Accept: */*
2018-04-12 14:34:29 DEBUG headers:275 - >> Host: www.google.pl
2018-04-12 14:34:29 DEBUG headers:275 - >> Connection: Keep-Alive
2018-04-12 14:34:29 DEBUG headers:275 - >> User-Agent: Apache-HttpClient/4.5.1 (Java/1.8.0_131)
2018-04-12 14:34:29 DEBUG headers:275 - >> Accept-Encoding: gzip,deflate
2018-04-12 14:34:29 DEBUG wire:72 -  << "HTTP/1.1 200 OK[\r][\n]"
2018-04-12 14:34:29 DEBUG wire:72 -  << "Date: Thu, 12 Apr 2018 12:34:29 GMT[\r][\n]"
2018-04-12 14:34:29 DEBUG wire:72 -  << "Expires: -1[\r][\n]"
2018-04-12 14:34:29 DEBUG wire:72 -  << "Cache-Control: private, max-age=0[\r][\n]"
2018-04-12 14:34:29 DEBUG wire:72 -  << "Content-Type: text/html; charset=ISO-8859-2[\r][\n]"
2018-04-12 14:34:29 DEBUG wire:72 -  << "P3P: CP="This is not a P3P policy! See g.co/p3phelp for more info."[\r][\n]"
2018-04-12 14:34:29 DEBUG wire:72 -  << "Content-Encoding: gzip[\r][\n]"
2018-04-12 14:34:29 DEBUG wire:72 -  << "Server: gws[\r][\n]"
2018-04-12 14:34:29 DEBUG wire:72 -  << "Content-Length: 4818[\r][\n]"
2018-04-12 14:34:29 DEBUG wire:72 -  << "X-XSS-Protection: 1; mode=block[\r][\n]"
2018-04-12 14:34:29 DEBUG wire:72 -  << "X-Frame-Options: SAMEORIGIN[\r][\n]"
2018-04-12 14:34:29 DEBUG wire:72 -  << "Set-Cookie: 1P_JAR=2018-04-12-12; expires=Sat, 12-May-2018 12:34:29 GMT; path=/; domain=.google.pl[\r][\n]"
2018-04-12 14:34:29 DEBUG wire:72 -  << "Set-Cookie: NID=127=eTBuD-p7IND6b6VuiR2LXvJJbICBnSMq_3XiOje1b3VS2qNjYFloaDPMxGeRpHO0gnzjzRDPGf0UQ_mdHFbb9TpJ95GtVtoXlqb7OuFiHgtFnw6FEkuFuabvzlN8K7WS; expires=Fri, 12-Oct-2018 12:34:29 GMT; path=/; domain=.google.pl; HttpOnly[\r][\n]"
2018-04-12 14:34:29 DEBUG wire:72 -  << "[\r][\n]"
2018-04-12 14:34:29 DEBUG DefaultClientConnection:253 - Receiving response: HTTP/1.1 200 OK
2018-04-12 14:34:29 DEBUG headers:256 - << HTTP/1.1 200 OK
2018-04-12 14:34:29 DEBUG headers:259 - << Date: Thu, 12 Apr 2018 12:34:29 GMT
2018-04-12 14:34:29 DEBUG headers:259 - << Expires: -1
2018-04-12 14:34:29 DEBUG headers:259 - << Cache-Control: private, max-age=0
2018-04-12 14:34:29 DEBUG headers:259 - << Content-Type: text/html; charset=ISO-8859-2
2018-04-12 14:34:29 DEBUG headers:259 - << P3P: CP="This is not a P3P policy! See g.co/p3phelp for more info."
2018-04-12 14:34:29 DEBUG headers:259 - << Content-Encoding: gzip
2018-04-12 14:34:29 DEBUG headers:259 - << Server: gws
2018-04-12 14:34:29 DEBUG headers:259 - << Content-Length: 4818
2018-04-12 14:34:29 DEBUG headers:259 - << X-XSS-Protection: 1; mode=block
2018-04-12 14:34:29 DEBUG headers:259 - << X-Frame-Options: SAMEORIGIN
2018-04-12 14:34:29 DEBUG headers:259 - << Set-Cookie: 1P_JAR=2018-04-12-12; expires=Sat, 12-May-2018 12:34:29 GMT; path=/; domain=.google.pl
2018-04-12 14:34:29 DEBUG headers:259 - << Set-Cookie: NID=127=eTBuD-p7IND6b6VuiR2LXvJJbICBnSMq_3XiOje1b3VS2qNjYFloaDPMxGeRpHO0gnzjzRDPGf0UQ_mdHFbb9TpJ95GtVtoXlqb7OuFiHgtFnw6FEkuFuabvzlN8K7WS; expires=Fri, 12-Oct-2018 12:34:29 GMT; path=/; domain=.google.pl; HttpOnly
2018-04-12 14:34:29 DEBUG DefaultHttpClient:510 - Connection can be kept alive indefinitely
2018-04-12 14:34:30 DEBUG RequestSpecificationImpl$RestAssuredHttpBuilder:543 - Parsing response as: text/html; charset=ISO-8859-2
2018-04-12 14:34:30 DEBUG wire:86 -  << "[0x1f]"
2018-04-12 14:34:30 DEBUG wire:86 -  << "[0x8b]"
2018-04-12 14:34:30 DEBUG wire:86 -  << "[0x8]"
2018-04-12 14:34:30 DEBUG wire:86 -  << "[0x0]"
2018-04-12 14:34:30 DEBUG wire:86 -  << "[0x0][0x0][0x0][0x0][0x2][0xff]"
2018-04-12 14:34:30 DEBUG RequestSpecificationImpl$RestAssuredHttpBuilder:546 - Parsed data to instance of: class org.apache.http.conn.EofSensorInputStream
2018-04-12 14:44:12 DEBUG GoogleTest:14 - Sending: http://www.google.com
2018-04-12 14:44:20 DEBUG BasicClientConnectionManager:160 - Get connection for route {}->http://www.google.com:80
2018-04-12 14:44:20 DEBUG DefaultClientConnectionOperator:174 - Connecting to www.google.com:80
2018-04-12 14:44:20 DEBUG RequestAddCookies:122 - CookieSpec selected: ignoreCookies
2018-04-12 14:44:20 DEBUG RequestAuthCache:76 - Auth cache not set in the context
2018-04-12 14:44:20 DEBUG RequestTargetAuthentication:78 - Target auth state: UNCHALLENGED
2018-04-12 14:44:20 DEBUG RequestProxyAuthentication:87 - Proxy auth state: UNCHALLENGED
2018-04-12 14:44:20 DEBUG DefaultHttpClient:683 - Attempt 1 to execute request
2018-04-12 14:44:20 DEBUG DefaultClientConnection:268 - Sending request: GET / HTTP/1.1
2018-04-12 14:44:20 DEBUG wire:72 -  >> "GET / HTTP/1.1[\r][\n]"
2018-04-12 14:44:20 DEBUG wire:72 -  >> "Accept: */*[\r][\n]"
2018-04-12 14:44:20 DEBUG wire:72 -  >> "Content-Length: 0[\r][\n]"
2018-04-12 14:44:20 DEBUG wire:72 -  >> "Host: www.google.com[\r][\n]"
2018-04-12 14:44:20 DEBUG wire:72 -  >> "Connection: Keep-Alive[\r][\n]"
2018-04-12 14:44:20 DEBUG wire:72 -  >> "User-Agent: Apache-HttpClient/4.5.1 (Java/1.8.0_131)[\r][\n]"
2018-04-12 14:44:20 DEBUG wire:72 -  >> "Accept-Encoding: gzip,deflate[\r][\n]"
2018-04-12 14:44:20 DEBUG wire:72 -  >> "[\r][\n]"
2018-04-12 14:44:20 DEBUG headers:272 - >> GET / HTTP/1.1
2018-04-12 14:44:20 DEBUG headers:275 - >> Accept: */*
2018-04-12 14:44:20 DEBUG headers:275 - >> Content-Length: 0
2018-04-12 14:44:20 DEBUG headers:275 - >> Host: www.google.com
2018-04-12 14:44:20 DEBUG headers:275 - >> Connection: Keep-Alive
2018-04-12 14:44:20 DEBUG headers:275 - >> User-Agent: Apache-HttpClient/4.5.1 (Java/1.8.0_131)
2018-04-12 14:44:20 DEBUG headers:275 - >> Accept-Encoding: gzip,deflate
2018-04-12 14:44:20 DEBUG wire:72 -  << "HTTP/1.1 302 Found[\r][\n]"
2018-04-12 14:44:20 DEBUG wire:72 -  << "Cache-Control: private[\r][\n]"
2018-04-12 14:44:20 DEBUG wire:72 -  << "Content-Type: text/html; charset=UTF-8[\r][\n]"
2018-04-12 14:44:20 DEBUG wire:72 -  << "Referrer-Policy: no-referrer[\r][\n]"
2018-04-12 14:44:20 DEBUG wire:72 -  << "Location: http://www.google.pl/?gfe_rd=cr&dcr=0&ei=pFTPWuvrKqjQ8AeH5624AQ[\r][\n]"
2018-04-12 14:44:20 DEBUG wire:72 -  << "Content-Length: 268[\r][\n]"
2018-04-12 14:44:20 DEBUG wire:72 -  << "Date: Thu, 12 Apr 2018 12:44:20 GMT[\r][\n]"
2018-04-12 14:44:20 DEBUG wire:72 -  << "[\r][\n]"
2018-04-12 14:44:20 DEBUG DefaultClientConnection:253 - Receiving response: HTTP/1.1 302 Found
2018-04-12 14:44:20 DEBUG headers:256 - << HTTP/1.1 302 Found
2018-04-12 14:44:20 DEBUG headers:259 - << Cache-Control: private
2018-04-12 14:44:20 DEBUG headers:259 - << Content-Type: text/html; charset=UTF-8
2018-04-12 14:44:20 DEBUG headers:259 - << Referrer-Policy: no-referrer
2018-04-12 14:44:20 DEBUG headers:259 - << Location: http://www.google.pl/?gfe_rd=cr&dcr=0&ei=pFTPWuvrKqjQ8AeH5624AQ
2018-04-12 14:44:20 DEBUG headers:259 - << Content-Length: 268
2018-04-12 14:44:20 DEBUG headers:259 - << Date: Thu, 12 Apr 2018 12:44:20 GMT
2018-04-12 14:44:20 DEBUG DefaultHttpClient:510 - Connection can be kept alive indefinitely
2018-04-12 14:44:20 DEBUG DefaultRedirectStrategy:142 - Redirect requested to location 'http://www.google.pl/?gfe_rd=cr&dcr=0&ei=pFTPWuvrKqjQ8AeH5624AQ'
2018-04-12 14:44:20 DEBUG DefaultHttpClient:1096 - Resetting target auth state
2018-04-12 14:44:20 DEBUG DefaultHttpClient:1112 - Redirecting to 'http://www.google.pl/?gfe_rd=cr&dcr=0&ei=pFTPWuvrKqjQ8AeH5624AQ' via {}->http://www.google.pl:80
2018-04-12 14:44:20 DEBUG wire:72 -  << "<HTML><HEAD><meta http-equiv="content-type" content="text/html;charset=utf-8">[\n]"
2018-04-12 14:44:20 DEBUG wire:72 -  << "<TITLE>302 Moved</TITLE></HEAD><BODY>[\n]"
2018-04-12 14:44:20 DEBUG wire:72 -  << "<H1>302 Moved</H1>[\n]"
2018-04-12 14:44:20 DEBUG wire:72 -  << "The document has moved[\n]"
2018-04-12 14:44:20 DEBUG wire:72 -  << "<A HREF="http://www.google.pl/?gfe_rd=cr&amp;dcr=0&amp;ei=pFTPWuvrKqjQ8AeH5624AQ">here</A>.[\r][\n]"
2018-04-12 14:44:20 DEBUG wire:72 -  << "</BODY></HTML>[\r][\n]"
2018-04-12 14:44:20 DEBUG BasicClientConnectionManager:198 - Releasing connection org.apache.http.impl.conn.ManagedClientConnectionImpl@2b175c00
2018-04-12 14:44:20 DEBUG BasicClientConnectionManager:223 - Connection can be kept alive indefinitely
2018-04-12 14:44:20 DEBUG BasicClientConnectionManager:160 - Get connection for route {}->http://www.google.pl:80
2018-04-12 14:44:20 DEBUG DefaultClientConnection:176 - Connection 0.0.0.0:58659<->216.58.215.68:80 closed
2018-04-12 14:44:20 DEBUG DefaultClientConnectionOperator:174 - Connecting to www.google.pl:80
2018-04-12 14:44:20 DEBUG RequestAddCookies:122 - CookieSpec selected: ignoreCookies
2018-04-12 14:44:20 DEBUG RequestAuthCache:76 - Auth cache not set in the context
2018-04-12 14:44:20 DEBUG RequestTargetAuthentication:78 - Target auth state: UNCHALLENGED
2018-04-12 14:44:20 DEBUG RequestProxyAuthentication:87 - Proxy auth state: UNCHALLENGED
2018-04-12 14:44:20 DEBUG DefaultHttpClient:683 - Attempt 2 to execute request
2018-04-12 14:44:20 DEBUG DefaultClientConnection:268 - Sending request: GET /?gfe_rd=cr&dcr=0&ei=pFTPWuvrKqjQ8AeH5624AQ HTTP/1.1
2018-04-12 14:44:20 DEBUG wire:72 -  >> "GET /?gfe_rd=cr&dcr=0&ei=pFTPWuvrKqjQ8AeH5624AQ HTTP/1.1[\r][\n]"
2018-04-12 14:44:20 DEBUG wire:72 -  >> "Accept: */*[\r][\n]"
2018-04-12 14:44:20 DEBUG wire:72 -  >> "Host: www.google.pl[\r][\n]"
2018-04-12 14:44:20 DEBUG wire:72 -  >> "Connection: Keep-Alive[\r][\n]"
2018-04-12 14:44:20 DEBUG wire:72 -  >> "User-Agent: Apache-HttpClient/4.5.1 (Java/1.8.0_131)[\r][\n]"
2018-04-12 14:44:20 DEBUG wire:72 -  >> "Accept-Encoding: gzip,deflate[\r][\n]"
2018-04-12 14:44:20 DEBUG wire:72 -  >> "[\r][\n]"
2018-04-12 14:44:20 DEBUG headers:272 - >> GET /?gfe_rd=cr&dcr=0&ei=pFTPWuvrKqjQ8AeH5624AQ HTTP/1.1
2018-04-12 14:44:20 DEBUG headers:275 - >> Accept: */*
2018-04-12 14:44:20 DEBUG headers:275 - >> Host: www.google.pl
2018-04-12 14:44:20 DEBUG headers:275 - >> Connection: Keep-Alive
2018-04-12 14:44:20 DEBUG headers:275 - >> User-Agent: Apache-HttpClient/4.5.1 (Java/1.8.0_131)
2018-04-12 14:44:20 DEBUG headers:275 - >> Accept-Encoding: gzip,deflate
2018-04-12 14:44:20 DEBUG wire:72 -  << "HTTP/1.1 200 OK[\r][\n]"
2018-04-12 14:44:20 DEBUG wire:72 -  << "Date: Thu, 12 Apr 2018 12:44:20 GMT[\r][\n]"
2018-04-12 14:44:20 DEBUG wire:72 -  << "Expires: -1[\r][\n]"
2018-04-12 14:44:20 DEBUG wire:72 -  << "Cache-Control: private, max-age=0[\r][\n]"
2018-04-12 14:44:20 DEBUG wire:72 -  << "Content-Type: text/html; charset=ISO-8859-2[\r][\n]"
2018-04-12 14:44:20 DEBUG wire:72 -  << "P3P: CP="This is not a P3P policy! See g.co/p3phelp for more info."[\r][\n]"
2018-04-12 14:44:20 DEBUG wire:72 -  << "Content-Encoding: gzip[\r][\n]"
2018-04-12 14:44:20 DEBUG wire:72 -  << "Server: gws[\r][\n]"
2018-04-12 14:44:20 DEBUG wire:72 -  << "Content-Length: 4825[\r][\n]"
2018-04-12 14:44:20 DEBUG wire:72 -  << "X-XSS-Protection: 1; mode=block[\r][\n]"
2018-04-12 14:44:20 DEBUG wire:72 -  << "X-Frame-Options: SAMEORIGIN[\r][\n]"
2018-04-12 14:44:20 DEBUG wire:72 -  << "Set-Cookie: 1P_JAR=2018-04-12-12; expires=Sat, 12-May-2018 12:44:20 GMT; path=/; domain=.google.pl[\r][\n]"
2018-04-12 14:44:20 DEBUG wire:72 -  << "Set-Cookie: NID=127=bNC1jSBaC-pJBQUmncQzO86ScWsoo3MZaPu5SrD1bIPN4pphak94BF41gubnnEKRztUqr3IFbV6LiqoG_sI5K_zJaAxWaw_1ASUGb17_7uVZwCP0wlEeL84Kb7aZu8Gz; expires=Fri, 12-Oct-2018 12:44:20 GMT; path=/; domain=.google.pl; HttpOnly[\r][\n]"
2018-04-12 14:44:20 DEBUG wire:72 -  << "[\r][\n]"
2018-04-12 14:44:20 DEBUG DefaultClientConnection:253 - Receiving response: HTTP/1.1 200 OK
2018-04-12 14:44:20 DEBUG headers:256 - << HTTP/1.1 200 OK
2018-04-12 14:44:20 DEBUG headers:259 - << Date: Thu, 12 Apr 2018 12:44:20 GMT
2018-04-12 14:44:20 DEBUG headers:259 - << Expires: -1
2018-04-12 14:44:20 DEBUG headers:259 - << Cache-Control: private, max-age=0
2018-04-12 14:44:20 DEBUG headers:259 - << Content-Type: text/html; charset=ISO-8859-2
2018-04-12 14:44:20 DEBUG headers:259 - << P3P: CP="This is not a P3P policy! See g.co/p3phelp for more info."
2018-04-12 14:44:20 DEBUG headers:259 - << Content-Encoding: gzip
2018-04-12 14:44:20 DEBUG headers:259 - << Server: gws
2018-04-12 14:44:20 DEBUG headers:259 - << Content-Length: 4825
2018-04-12 14:44:20 DEBUG headers:259 - << X-XSS-Protection: 1; mode=block
2018-04-12 14:44:20 DEBUG headers:259 - << X-Frame-Options: SAMEORIGIN
2018-04-12 14:44:20 DEBUG headers:259 - << Set-Cookie: 1P_JAR=2018-04-12-12; expires=Sat, 12-May-2018 12:44:20 GMT; path=/; domain=.google.pl
2018-04-12 14:44:20 DEBUG headers:259 - << Set-Cookie: NID=127=bNC1jSBaC-pJBQUmncQzO86ScWsoo3MZaPu5SrD1bIPN4pphak94BF41gubnnEKRztUqr3IFbV6LiqoG_sI5K_zJaAxWaw_1ASUGb17_7uVZwCP0wlEeL84Kb7aZu8Gz; expires=Fri, 12-Oct-2018 12:44:20 GMT; path=/; domain=.google.pl; HttpOnly
2018-04-12 14:44:20 DEBUG DefaultHttpClient:510 - Connection can be kept alive indefinitely
2018-04-12 14:44:20 DEBUG RequestSpecificationImpl$RestAssuredHttpBuilder:543 - Parsing response as: text/html; charset=ISO-8859-2
2018-04-12 14:44:20 DEBUG wire:86 -  << "[0x1f]"
2018-04-12 14:44:21 DEBUG wire:86 -  << "[0x8b]"
2018-04-12 14:44:21 DEBUG wire:86 -  << "[0x8]"
2018-04-12 14:44:21 DEBUG wire:86 -  << "[0x0]"
2018-04-12 14:44:21 DEBUG wire:86 -  << "[0x0][0x0][0x0][0x0][0x2][0xff]"
2018-04-12 14:44:21 DEBUG RequestSpecificationImpl$RestAssuredHttpBuilder:546 - Parsed data to instance of: class org.apache.http.conn.EofSensorInputStream
2018-04-12 14:45:28 DEBUG GoogleTest:14 - Sending: http://www.google.com
2018-04-12 14:45:35 DEBUG BasicClientConnectionManager:160 - Get connection for route {}->http://www.google.com:80
2018-04-12 14:45:35 DEBUG DefaultClientConnectionOperator:174 - Connecting to www.google.com:80
2018-04-12 14:45:35 DEBUG RequestAddCookies:122 - CookieSpec selected: ignoreCookies
2018-04-12 14:45:35 DEBUG RequestAuthCache:76 - Auth cache not set in the context
2018-04-12 14:45:35 DEBUG RequestTargetAuthentication:78 - Target auth state: UNCHALLENGED
2018-04-12 14:45:35 DEBUG RequestProxyAuthentication:87 - Proxy auth state: UNCHALLENGED
2018-04-12 14:45:35 DEBUG DefaultHttpClient:683 - Attempt 1 to execute request
2018-04-12 14:45:35 DEBUG DefaultClientConnection:268 - Sending request: GET / HTTP/1.1
2018-04-12 14:45:35 DEBUG wire:72 -  >> "GET / HTTP/1.1[\r][\n]"
2018-04-12 14:45:35 DEBUG wire:72 -  >> "Accept: */*[\r][\n]"
2018-04-12 14:45:35 DEBUG wire:72 -  >> "Content-Length: 0[\r][\n]"
2018-04-12 14:45:35 DEBUG wire:72 -  >> "Host: www.google.com[\r][\n]"
2018-04-12 14:45:35 DEBUG wire:72 -  >> "Connection: Keep-Alive[\r][\n]"
2018-04-12 14:45:35 DEBUG wire:72 -  >> "User-Agent: Apache-HttpClient/4.5.1 (Java/1.8.0_131)[\r][\n]"
2018-04-12 14:45:35 DEBUG wire:72 -  >> "Accept-Encoding: gzip,deflate[\r][\n]"
2018-04-12 14:45:35 DEBUG wire:72 -  >> "[\r][\n]"
2018-04-12 14:45:35 DEBUG headers:272 - >> GET / HTTP/1.1
2018-04-12 14:45:35 DEBUG headers:275 - >> Accept: */*
2018-04-12 14:45:35 DEBUG headers:275 - >> Content-Length: 0
2018-04-12 14:45:35 DEBUG headers:275 - >> Host: www.google.com
2018-04-12 14:45:35 DEBUG headers:275 - >> Connection: Keep-Alive
2018-04-12 14:45:35 DEBUG headers:275 - >> User-Agent: Apache-HttpClient/4.5.1 (Java/1.8.0_131)
2018-04-12 14:45:35 DEBUG headers:275 - >> Accept-Encoding: gzip,deflate
2018-04-12 14:45:35 DEBUG wire:72 -  << "HTTP/1.1 302 Found[\r][\n]"
2018-04-12 14:45:35 DEBUG wire:72 -  << "Cache-Control: private[\r][\n]"
2018-04-12 14:45:35 DEBUG wire:72 -  << "Content-Type: text/html; charset=UTF-8[\r][\n]"
2018-04-12 14:45:35 DEBUG wire:72 -  << "Referrer-Policy: no-referrer[\r][\n]"
2018-04-12 14:45:35 DEBUG wire:72 -  << "Location: http://www.google.pl/?gfe_rd=cr&dcr=0&ei=71TPWse-O6XQ8Afq5LSIDg[\r][\n]"
2018-04-12 14:45:35 DEBUG wire:72 -  << "Content-Length: 268[\r][\n]"
2018-04-12 14:45:36 DEBUG wire:72 -  << "Date: Thu, 12 Apr 2018 12:45:35 GMT[\r][\n]"
2018-04-12 14:45:36 DEBUG wire:72 -  << "[\r][\n]"
2018-04-12 14:45:36 DEBUG DefaultClientConnection:253 - Receiving response: HTTP/1.1 302 Found
2018-04-12 14:45:36 DEBUG headers:256 - << HTTP/1.1 302 Found
2018-04-12 14:45:36 DEBUG headers:259 - << Cache-Control: private
2018-04-12 14:45:36 DEBUG headers:259 - << Content-Type: text/html; charset=UTF-8
2018-04-12 14:45:36 DEBUG headers:259 - << Referrer-Policy: no-referrer
2018-04-12 14:45:36 DEBUG headers:259 - << Location: http://www.google.pl/?gfe_rd=cr&dcr=0&ei=71TPWse-O6XQ8Afq5LSIDg
2018-04-12 14:45:36 DEBUG headers:259 - << Content-Length: 268
2018-04-12 14:45:36 DEBUG headers:259 - << Date: Thu, 12 Apr 2018 12:45:35 GMT
2018-04-12 14:45:36 DEBUG DefaultHttpClient:510 - Connection can be kept alive indefinitely
2018-04-12 14:45:36 DEBUG DefaultRedirectStrategy:142 - Redirect requested to location 'http://www.google.pl/?gfe_rd=cr&dcr=0&ei=71TPWse-O6XQ8Afq5LSIDg'
2018-04-12 14:45:36 DEBUG DefaultHttpClient:1096 - Resetting target auth state
2018-04-12 14:45:36 DEBUG DefaultHttpClient:1112 - Redirecting to 'http://www.google.pl/?gfe_rd=cr&dcr=0&ei=71TPWse-O6XQ8Afq5LSIDg' via {}->http://www.google.pl:80
2018-04-12 14:45:36 DEBUG wire:72 -  << "<HTML><HEAD><meta http-equiv="content-type" content="text/html;charset=utf-8">[\n]"
2018-04-12 14:45:36 DEBUG wire:72 -  << "<TITLE>302 Moved</TITLE></HEAD><BODY>[\n]"
2018-04-12 14:45:36 DEBUG wire:72 -  << "<H1>302 Moved</H1>[\n]"
2018-04-12 14:45:36 DEBUG wire:72 -  << "The document has moved[\n]"
2018-04-12 14:45:36 DEBUG wire:72 -  << "<A HREF="http://www.google.pl/?gfe_rd=cr&amp;dcr=0&amp;ei=71TPWse-O6XQ8Afq5LSIDg">here</A>.[\r][\n]"
2018-04-12 14:45:36 DEBUG wire:72 -  << "</BODY></HTML>[\r][\n]"
2018-04-12 14:45:36 DEBUG BasicClientConnectionManager:198 - Releasing connection org.apache.http.impl.conn.ManagedClientConnectionImpl@1ae8bcbc
2018-04-12 14:45:36 DEBUG BasicClientConnectionManager:223 - Connection can be kept alive indefinitely
2018-04-12 14:45:36 DEBUG BasicClientConnectionManager:160 - Get connection for route {}->http://www.google.pl:80
2018-04-12 14:45:36 DEBUG DefaultClientConnection:176 - Connection 0.0.0.0:58669<->216.58.215.68:80 closed
2018-04-12 14:45:36 DEBUG DefaultClientConnectionOperator:174 - Connecting to www.google.pl:80
2018-04-12 14:45:36 DEBUG RequestAddCookies:122 - CookieSpec selected: ignoreCookies
2018-04-12 14:45:36 DEBUG RequestAuthCache:76 - Auth cache not set in the context
2018-04-12 14:45:36 DEBUG RequestTargetAuthentication:78 - Target auth state: UNCHALLENGED
2018-04-12 14:45:36 DEBUG RequestProxyAuthentication:87 - Proxy auth state: UNCHALLENGED
2018-04-12 14:45:36 DEBUG DefaultHttpClient:683 - Attempt 2 to execute request
2018-04-12 14:45:36 DEBUG DefaultClientConnection:268 - Sending request: GET /?gfe_rd=cr&dcr=0&ei=71TPWse-O6XQ8Afq5LSIDg HTTP/1.1
2018-04-12 14:45:36 DEBUG wire:72 -  >> "GET /?gfe_rd=cr&dcr=0&ei=71TPWse-O6XQ8Afq5LSIDg HTTP/1.1[\r][\n]"
2018-04-12 14:45:36 DEBUG wire:72 -  >> "Accept: */*[\r][\n]"
2018-04-12 14:45:36 DEBUG wire:72 -  >> "Host: www.google.pl[\r][\n]"
2018-04-12 14:45:36 DEBUG wire:72 -  >> "Connection: Keep-Alive[\r][\n]"
2018-04-12 14:45:36 DEBUG wire:72 -  >> "User-Agent: Apache-HttpClient/4.5.1 (Java/1.8.0_131)[\r][\n]"
2018-04-12 14:45:36 DEBUG wire:72 -  >> "Accept-Encoding: gzip,deflate[\r][\n]"
2018-04-12 14:45:36 DEBUG wire:72 -  >> "[\r][\n]"
2018-04-12 14:45:36 DEBUG headers:272 - >> GET /?gfe_rd=cr&dcr=0&ei=71TPWse-O6XQ8Afq5LSIDg HTTP/1.1
2018-04-12 14:45:36 DEBUG headers:275 - >> Accept: */*
2018-04-12 14:45:36 DEBUG headers:275 - >> Host: www.google.pl
2018-04-12 14:45:36 DEBUG headers:275 - >> Connection: Keep-Alive
2018-04-12 14:45:36 DEBUG headers:275 - >> User-Agent: Apache-HttpClient/4.5.1 (Java/1.8.0_131)
2018-04-12 14:45:36 DEBUG headers:275 - >> Accept-Encoding: gzip,deflate
2018-04-12 14:45:36 DEBUG wire:72 -  << "HTTP/1.1 200 OK[\r][\n]"
2018-04-12 14:45:36 DEBUG wire:72 -  << "Date: Thu, 12 Apr 2018 12:45:36 GMT[\r][\n]"
2018-04-12 14:45:36 DEBUG wire:72 -  << "Expires: -1[\r][\n]"
2018-04-12 14:45:36 DEBUG wire:72 -  << "Cache-Control: private, max-age=0[\r][\n]"
2018-04-12 14:45:36 DEBUG wire:72 -  << "Content-Type: text/html; charset=ISO-8859-2[\r][\n]"
2018-04-12 14:45:36 DEBUG wire:72 -  << "P3P: CP="This is not a P3P policy! See g.co/p3phelp for more info."[\r][\n]"
2018-04-12 14:45:36 DEBUG wire:72 -  << "Content-Encoding: gzip[\r][\n]"
2018-04-12 14:45:36 DEBUG wire:72 -  << "Server: gws[\r][\n]"
2018-04-12 14:45:36 DEBUG wire:72 -  << "Content-Length: 4824[\r][\n]"
2018-04-12 14:45:36 DEBUG wire:72 -  << "X-XSS-Protection: 1; mode=block[\r][\n]"
2018-04-12 14:45:36 DEBUG wire:72 -  << "X-Frame-Options: SAMEORIGIN[\r][\n]"
2018-04-12 14:45:36 DEBUG wire:72 -  << "Set-Cookie: 1P_JAR=2018-04-12-12; expires=Sat, 12-May-2018 12:45:36 GMT; path=/; domain=.google.pl[\r][\n]"
2018-04-12 14:45:36 DEBUG wire:72 -  << "Set-Cookie: NID=127=giuoby3wDmbNi_Wfy4at70-E9LLvWBjw7NXXRrJrr5NpjdxSR8wupsv7J98bH0BjZemPZkHcDxbeL0Et8MFxFrASu3AJlXDj3ATcKJg3O-QP55Tn1oN0f6-xLILzHLSb; expires=Fri, 12-Oct-2018 12:45:36 GMT; path=/; domain=.google.pl; HttpOnly[\r][\n]"
2018-04-12 14:45:36 DEBUG wire:72 -  << "[\r][\n]"
2018-04-12 14:45:36 DEBUG DefaultClientConnection:253 - Receiving response: HTTP/1.1 200 OK
2018-04-12 14:45:36 DEBUG headers:256 - << HTTP/1.1 200 OK
2018-04-12 14:45:36 DEBUG headers:259 - << Date: Thu, 12 Apr 2018 12:45:36 GMT
2018-04-12 14:45:36 DEBUG headers:259 - << Expires: -1
2018-04-12 14:45:36 DEBUG headers:259 - << Cache-Control: private, max-age=0
2018-04-12 14:45:36 DEBUG headers:259 - << Content-Type: text/html; charset=ISO-8859-2
2018-04-12 14:45:36 DEBUG headers:259 - << P3P: CP="This is not a P3P policy! See g.co/p3phelp for more info."
2018-04-12 14:45:36 DEBUG headers:259 - << Content-Encoding: gzip
2018-04-12 14:45:36 DEBUG headers:259 - << Server: gws
2018-04-12 14:45:36 DEBUG headers:259 - << Content-Length: 4824
2018-04-12 14:45:36 DEBUG headers:259 - << X-XSS-Protection: 1; mode=block
2018-04-12 14:45:36 DEBUG headers:259 - << X-Frame-Options: SAMEORIGIN
2018-04-12 14:45:36 DEBUG headers:259 - << Set-Cookie: 1P_JAR=2018-04-12-12; expires=Sat, 12-May-2018 12:45:36 GMT; path=/; domain=.google.pl
2018-04-12 14:45:36 DEBUG headers:259 - << Set-Cookie: NID=127=giuoby3wDmbNi_Wfy4at70-E9LLvWBjw7NXXRrJrr5NpjdxSR8wupsv7J98bH0BjZemPZkHcDxbeL0Et8MFxFrASu3AJlXDj3ATcKJg3O-QP55Tn1oN0f6-xLILzHLSb; expires=Fri, 12-Oct-2018 12:45:36 GMT; path=/; domain=.google.pl; HttpOnly
2018-04-12 14:45:36 DEBUG DefaultHttpClient:510 - Connection can be kept alive indefinitely
2018-04-12 14:45:36 DEBUG RequestSpecificationImpl$RestAssuredHttpBuilder:543 - Parsing response as: text/html; charset=ISO-8859-2
2018-04-12 14:45:36 DEBUG wire:86 -  << "[0x1f]"
2018-04-12 14:45:36 DEBUG wire:86 -  << "[0x8b]"
2018-04-12 14:45:36 DEBUG wire:86 -  << "[0x8]"
2018-04-12 14:45:36 DEBUG wire:86 -  << "[0x0]"
2018-04-12 14:45:36 DEBUG wire:86 -  << "[0x0][0x0][0x0][0x0][0x2][0xff]"
2018-04-12 14:45:36 DEBUG RequestSpecificationImpl$RestAssuredHttpBuilder:546 - Parsed data to instance of: class org.apache.http.conn.EofSensorInputStream
